<?xml version="1.0" encoding="UTF-8"?>
<!-- Generated by org.testng.reporters.JUnitReportReporter -->
<testsuite hostname="MacBook-Pro.local" failures="0" tests="1" name="com.googleapi.maps.PositiveGeocodingTests" time="2.259" errors="0" timestamp="2020-08-25T21:45:00 PDT" skipped="0">
  <testcase classname="com.googleapi.maps.PositiveGeocodingTests" name="positiveTest" time="2.259"/>
  <system-out/>
</testsuite> <!-- com.googleapi.maps.PositiveGeocodingTests -->
