<?xml version="1.0" encoding="UTF-8"?>
<!-- Generated by org.testng.reporters.JUnitReportReporter -->
<testsuite hostname="MacBook-Pro.local" failures="0" tests="6" name="geocoding_tests.GeocodingTests" time="3.774" errors="0" timestamp="2020-08-28T17:40:44 PDT" skipped="0">
  <testcase classname="geocoding_tests.GeocodingTests" name="negativeInvalidAddressParametersGeocodingTest" time="0.201"/>
  <system-out/>
  <testcase classname="geocoding_tests.GeocodingTests" name="negativeInvalidKeyParametersGeocodingTest" time="0.164"/>
  <system-out/>
  <testcase classname="geocoding_tests.GeocodingTests" name="negativeInvalidKeyParametersGeocodingTest" time="0.151"/>
  <system-out/>
  <testcase classname="geocoding_tests.GeocodingTests" name="negativeInvalidAddressParametersGeocodingTest" time="0.802"/>
  <system-out/>
  <testcase classname="geocoding_tests.GeocodingTests" name="positiveTest" time="0.737"/>
  <system-out/>
  <testcase classname="geocoding_tests.GeocodingTests" name="getGeocodingWithNotExistedAddressTest" time="1.719"/>
  <system-out/>
</testsuite> <!-- geocoding_tests.GeocodingTests -->
