<?xml version="1.0" encoding="UTF-8"?>
<!-- Generated by org.testng.reporters.JUnitReportReporter -->
<testsuite hostname="MacBook-Pro.local" failures="0" tests="1" name="geocoding_tests.PositiveGeocodingTests" time="2.421" errors="0" timestamp="2020-08-27T21:16:32 PDT" skipped="0">
  <testcase classname="geocoding_tests.PositiveGeocodingTests" name="positiveTest" time="2.421"/>
  <system-out/>
</testsuite> <!-- geocoding_tests.PositiveGeocodingTests -->
