<?xml version="1.0" encoding="UTF-8"?>
<!-- Generated by org.testng.reporters.JUnitReportReporter -->
<testsuite hostname="MacBook-Pro.local" failures="0" tests="1" name="com.googleapi.maps.NegativeGeocodingTests" time="2.195" errors="0" timestamp="2020-08-26T20:16:05 PDT" skipped="0">
  <testcase classname="com.googleapi.maps.NegativeGeocodingTests" name="getGeocodingWithNotExistedAddressTest" time="2.195"/>
  <system-out/>
</testsuite> <!-- com.googleapi.maps.NegativeGeocodingTests -->
