<?xml version="1.0" encoding="UTF-8"?>
<!-- Generated by org.testng.reporters.JUnitReportReporter -->
<testsuite hostname="MacBook-Pro.local" failures="0" tests="1" name="reverse_geocoding_tests.ReverseGeocodingTests" time="2.743" errors="0" timestamp="2020-08-29T23:34:16 PDT" skipped="0">
  <testcase classname="reverse_geocoding_tests.ReverseGeocodingTests" name="positiveReverseTest" time="2.743"/>
  <system-out/>
</testsuite> <!-- reverse_geocoding_tests.ReverseGeocodingTests -->
