<?xml version="1.0" encoding="UTF-8"?>
<!-- Generated by org.testng.reporters.JUnitReportReporter -->
<testsuite hostname="MacBook-Pro.local" failures="0" tests="1" name="reverse_geocoding_tests.PositiveReverseGeocodingTests" time="2.356" errors="0" timestamp="2020-08-26T21:48:32 PDT" skipped="0">
  <testcase classname="reverse_geocoding_tests.PositiveReverseGeocodingTests" name="positiveTest" time="2.356"/>
  <system-out/>
</testsuite> <!-- reverse_geocoding_tests.PositiveReverseGeocodingTests -->
