<?xml version="1.0" encoding="UTF-8"?>
<!-- Generated by org.testng.reporters.JUnitReportReporter -->
<testsuite hostname="MacBook-Pro.local" failures="0" tests="3" name="geocoding_tests.GeocodingTests" time="5.606" errors="0" timestamp="2020-08-29T23:34:16 PDT" skipped="0">
  <testcase classname="geocoding_tests.GeocodingTests" name="negativeInvalidKeyParametersGeocodingTest" time="0.307"/>
  <system-out/>
  <testcase classname="geocoding_tests.GeocodingTests" name="positiveTest" time="2.669"/>
  <system-out/>
  <testcase classname="geocoding_tests.GeocodingTests" name="negativeInvalidKeyParametersGeocodingTest" time="2.630"/>
  <system-out/>
</testsuite> <!-- geocoding_tests.GeocodingTests -->
