<?xml version="1.0" encoding="UTF-8"?>
<!-- Generated by org.testng.reporters.JUnitReportReporter -->
<testsuite hostname="MacBook-Pro.local" failures="0" tests="5" name="reverse_geocoding_tests.ReverseGeocodingTests" time="2.910" errors="0" timestamp="2020-08-28T17:40:54 PDT" skipped="0">
  <testcase classname="reverse_geocoding_tests.ReverseGeocodingTests" name="negativeReverseGeocodingTest" time="0.160"/>
  <system-out/>
  <testcase classname="reverse_geocoding_tests.ReverseGeocodingTests" name="negativeReverseGeocodingTest" time="1.625"/>
  <system-out/>
  <testcase classname="reverse_geocoding_tests.ReverseGeocodingTests" name="negativeReverseGeocodingTest" time="0.184"/>
  <system-out/>
  <testcase classname="reverse_geocoding_tests.ReverseGeocodingTests" name="positiveReverseTest" time="0.367"/>
  <system-out/>
  <testcase classname="reverse_geocoding_tests.ReverseGeocodingTests" name="negativeReverseGeocodingTest" time="0.574"/>
  <system-out/>
</testsuite> <!-- reverse_geocoding_tests.ReverseGeocodingTests -->
