<?xml version="1.0" encoding="UTF-8"?>
<!-- Generated by org.testng.reporters.JUnitReportReporter -->
<testsuite hostname="MacBook-Pro.local" failures="0" tests="5" name="geocoding_tests.NegativeGeocodingTests" time="3.827" errors="0" timestamp="2020-08-28T09:20:04 PDT" skipped="0">
  <testcase classname="geocoding_tests.NegativeGeocodingTests" name="negativeMissingParametersGeocodingTest" time="0.169"/>
  <system-out/>
  <testcase classname="geocoding_tests.NegativeGeocodingTests" name="getGeocodingWithMissingAddressComponentsTest" time="1.899"/>
  <system-out/>
  <testcase classname="geocoding_tests.NegativeGeocodingTests" name="getGeocodingWithMissingAddressComponentsTest" time="0.884"/>
  <system-out/>
  <testcase classname="geocoding_tests.NegativeGeocodingTests" name="getGeocodingWithNotExistedAddressTest" time="0.716"/>
  <system-out/>
  <testcase classname="geocoding_tests.NegativeGeocodingTests" name="negativeMissingParametersGeocodingTest" time="0.159"/>
  <system-out/>
</testsuite> <!-- geocoding_tests.NegativeGeocodingTests -->
