<?xml version="1.0" encoding="UTF-8"?>
<!-- Generated by org.testng.reporters.JUnitReportReporter -->
<testsuite hostname="MacBook-Pro.local" failures="0" tests="4" name="reverse_geocoding_tests.NegativeReverseGeocodingTests" time="2.596" errors="0" timestamp="2020-08-28T14:54:15 PDT" skipped="0">
  <testcase classname="reverse_geocoding_tests.NegativeReverseGeocodingTests" name="negativeReverseGeocodingTest" time="0.169"/>
  <system-out/>
  <testcase classname="reverse_geocoding_tests.NegativeReverseGeocodingTests" name="negativeReverseGeocodingTest" time="1.659"/>
  <system-out/>
  <testcase classname="reverse_geocoding_tests.NegativeReverseGeocodingTests" name="negativeReverseGeocodingTest" time="0.582"/>
  <system-out/>
  <testcase classname="reverse_geocoding_tests.NegativeReverseGeocodingTests" name="negativeReverseGeocodingTest" time="0.186"/>
  <system-out/>
</testsuite> <!-- reverse_geocoding_tests.NegativeReverseGeocodingTests -->
