<?xml version="1.0" encoding="UTF-8"?>
<!-- Generated by org.testng.reporters.JUnitReportReporter -->
<testsuite hostname="MacBook-Pro.local" failures="0" tests="1" name="com.googleapi.maps.PositiveGeocodingTests" time="6.111" errors="0" timestamp="2020-08-26T21:19:00 PDT" skipped="0">
  <testcase classname="com.googleapi.maps.PositiveGeocodingTests" name="positiveTest" time="6.111"/>
  <system-out/>
</testsuite> <!-- com.googleapi.maps.PositiveGeocodingTests -->
