<?xml version="1.0" encoding="UTF-8"?>
<!-- Generated by org.testng.reporters.JUnitReportReporter -->
<testsuite hostname="MacBook-Pro.local" failures="0" tests="1" name="geocoding_tests.NegativeGeocodingTests" time="7.918" errors="0" timestamp="2020-08-27T23:55:47 PDT" skipped="0">
  <testcase classname="geocoding_tests.NegativeGeocodingTests" name="getGeocodingWithNotExistedAddressTest" time="7.918"/>
  <system-out/>
</testsuite> <!-- geocoding_tests.NegativeGeocodingTests -->
