<?xml version="1.0" encoding="UTF-8"?>
<!-- Generated by org.testng.reporters.JUnitReportReporter -->
<testsuite hostname="MacBook-Pro.local" failures="0" tests="5" name="geocoding_tests.NegativeGeocodingTests" time="3.439" errors="0" timestamp="2020-08-28T14:49:16 PDT" skipped="0">
  <testcase classname="geocoding_tests.NegativeGeocodingTests" name="negativeInvalidKeyParametersGeocodingTest" time="0.165"/>
  <system-out/>
  <testcase classname="geocoding_tests.NegativeGeocodingTests" name="negativeInvalidKeyParametersGeocodingTest" time="0.164"/>
  <system-out/>
  <testcase classname="geocoding_tests.NegativeGeocodingTests" name="getGeocodingWithNotExistedAddressTest" time="2.026"/>
  <system-out/>
  <testcase classname="geocoding_tests.NegativeGeocodingTests" name="negativeInvalidAddressParametersGeocodingTest" time="0.312"/>
  <system-out/>
  <testcase classname="geocoding_tests.NegativeGeocodingTests" name="negativeInvalidAddressParametersGeocodingTest" time="0.772"/>
  <system-out/>
</testsuite> <!-- geocoding_tests.NegativeGeocodingTests -->
